<?xml version="1.0" encoding="UTF-8"?>
<testng-results ignored="0" total="1" passed="1" failed="0" skipped="0">
  <reporter-output>
  </reporter-output>
  <suite started-at="2022-01-07T11:03:20 IST" name="Default suite" finished-at="2022-01-07T11:03:36 IST" duration-ms="16433">
    <groups>
    </groups>
    <test started-at="2022-01-07T11:03:20 IST" name="Default test" finished-at="2022-01-07T11:03:36 IST" duration-ms="16433">
      <class name="testng.Screenshot">
        <test-method is-config="true" signature="setup()[pri:0, instance:testng.Screenshot@1613674b]" started-at="2022-01-07T11:03:20 IST" name="setup" finished-at="2022-01-07T11:03:29 IST" duration-ms="9088" status="PASS">
          <reporter-output>
          </reporter-output>
        </test-method> <!-- setup -->
        <test-method signature="login()[pri:0, instance:testng.Screenshot@1613674b]" started-at="2022-01-07T11:03:29 IST" name="login" finished-at="2022-01-07T11:03:36 IST" duration-ms="6985" status="PASS">
          <reporter-output>
          </reporter-output>
        </test-method> <!-- login -->
        <test-method is-config="true" signature="afterMethod()[pri:0, instance:testng.Screenshot@1613674b]" started-at="2022-01-07T11:03:36 IST" name="afterMethod" finished-at="2022-01-07T11:03:36 IST" duration-ms="317" status="PASS">
          <reporter-output>
          </reporter-output>
        </test-method> <!-- afterMethod -->
      </class> <!-- testng.Screenshot -->
    </test> <!-- Default test -->
  </suite> <!-- Default suite -->
</testng-results>
